<?xml version="1.0" encoding="utf-8"?><testsuites name="pytest tests"><testsuite name="pytest" errors="0" failures="0" skipped="0" tests="22" time="8.004" timestamp="2026-09-07T19:40:27.395657+00:00" hostname="agent-env-7e084bba-0a87-4af1-bf93-97b942a465ff"><testcase classname="tests.test_wheelind_backend.TestAuth" name="test_admin_login_success" time="0.454" /><testcase classname="tests.test_wheelind_backend.TestRBAC" name="test_missing_token_401" time="0.176" /><testcase classname="tests.test_wheelind_backend.TestRBAC" name="test_invalid_token_401" time="0.276" /><testcase classname="tests.test_wheelind_backend.TestAuth" name="test_admin_login_wrong_password" time="0.298" /><testcase classname="tests.test_wheelind_backend.TestAuth" name="test_otp_request_returns_debug_code" time="0.078" /><testcase classname="tests.test_wheelind_backend.TestAuth" name="test_otp_verify_wrong_code_fails" time="0.153" /><testcase classname="tests.test_wheelind_backend.TestRBAC" name="test_rider_cannot_access_admin" time="0.458" /><testcase classname="tests.test_wheelind_backend.TestPresencePrereqs" name="test_fresh_driver_cannot_go_online" time="0.284" /><testcase classname="tests.test_wheelind_backend.TestAuth" name="test_otp_verify_success_and_me" time="0.273" /><testcase classname="tests.test_wheelind_backend.TestPresencePrereqs" name="test_kyc_approved_but_no_vehicle_cannot_go_online" time="1.064" /><testcase classname="tests.test_wheelind_backend.TestFare" name="test_estimate_sedan_bangalore" time="0.405" /><testcase classname="tests.test_wheelind_backend.TestFare" name="test_min_fare_floor" time="0.073" /><testcase classname="tests.test_wheelind_backend.TestFare" name="test_admin_fare_config_versioning" time="0.575" /><testcase classname="tests.test_wheelind_backend.TestPresencePrereqs" name="test_full_onboarding_go_online_heartbeat_offline" time="1.038" /><testcase classname="tests.test_wheelind_backend.TestSupport" name="test_dispute_refund_and_wallet_credit" time="1.844" /><testcase classname="tests.test_wheelind_backend.TestSupport" name="test_sos_create_and_admin_list" time="0.197" /><testcase classname="tests.test_wheelind_backend.TestRideLifecycle" name="test_state_machine_order_enforced" time="1.978" /><testcase classname="tests.test_wheelind_backend.TestFareIncrease" name="test_increase_only_while_searching" time="1.058" /><testcase classname="tests.test_wheelind_backend.TestRideLifecycle" name="test_complete_ride_financials" time="0.482" /><testcase classname="tests.test_wheelind_backend.TestPromotions" name="test_create_redeem_once" time="0.271" /><testcase classname="tests.test_wheelind_backend.TestDashboard" name="test_counts" time="0.075" /><testcase classname="tests.test_wheelind_backend.TestZeroCommission" name="test_subscribed_driver_earns_full_fare" time="1.625" /></testsuite></testsuites>